2021-12-15 08:15:06,461 INFO o.a.j.u.JMeterUtils: Setting Locale to en_US
2021-12-15 08:15:06,481 INFO o.a.j.JMeter: Loading system properties from: system.properties
2021-12-15 08:15:06,490 INFO o.a.j.JMeter: Copyright (c) 1998-2021 The Apache Software Foundation
2021-12-15 08:15:06,490 INFO o.a.j.JMeter: Version 5.4.1
2021-12-15 08:15:06,490 INFO o.a.j.JMeter: java.version=17.0.1
2021-12-15 08:15:06,490 INFO o.a.j.JMeter: java.vm.name=Java HotSpot(TM) 64-Bit Server VM
2021-12-15 08:15:06,490 INFO o.a.j.JMeter: os.name=Windows 10
2021-12-15 08:15:06,490 INFO o.a.j.JMeter: os.arch=amd64
2021-12-15 08:15:06,490 INFO o.a.j.JMeter: os.version=10.0
2021-12-15 08:15:06,490 INFO o.a.j.JMeter: file.encoding=Cp1252
2021-12-15 08:15:06,491 INFO o.a.j.JMeter: java.awt.headless=null
2021-12-15 08:15:06,491 INFO o.a.j.JMeter: Max memory     =536870912
2021-12-15 08:15:06,491 INFO o.a.j.JMeter: Available Processors =8
2021-12-15 08:15:06,498 INFO o.a.j.JMeter: Default Locale=English (United States)
2021-12-15 08:15:06,498 INFO o.a.j.JMeter: JMeter  Locale=English (United States)
2021-12-15 08:15:06,498 INFO o.a.j.JMeter: JMeterHome=C:\Users\Viral\OneDrive\Desktop\demos\3-javaSE-apis\ThroughputHttpServer\target\e153e182-ea42-47a7-9556-c70515766e07\jmeter
2021-12-15 08:15:06,498 INFO o.a.j.JMeter: user.dir  =C:\Users\Viral\OneDrive\Desktop\demos\3-javaSE-apis\ThroughputHttpServer\target\e153e182-ea42-47a7-9556-c70515766e07\jmeter\bin
2021-12-15 08:15:06,499 INFO o.a.j.JMeter: PWD       =C:\Users\Viral\OneDrive\Desktop\demos\3-javaSE-apis\ThroughputHttpServer\target\e153e182-ea42-47a7-9556-c70515766e07\jmeter\bin
2021-12-15 08:15:06,500 INFO o.a.j.JMeter: IP: 192.168.1.10 Name: MSI FullName: host.docker.internal
2021-12-15 08:15:06,725 INFO o.a.j.JMeter: Setting LAF to: com.github.weisj.darklaf.DarkLaf:com.github.weisj.darklaf.theme.DarculaTheme
2021-12-15 08:15:07,390 INFO o.a.j.JMeter: Loaded icon properties from org/apache/jmeter/images/icon.properties
2021-12-15 08:15:07,445 ERROR o.a.j.JMeter: Uncaught exception in thread Thread[AWT-EventQueue-0,6,main]
java.lang.IllegalAccessError: class com.github.weisj.darklaf.ui.label.DarkLabelUI (in unnamed module @0x53ca01a2) cannot access class sun.swing.SwingUtilities2 (in module java.desktop) because module java.desktop does not export sun.swing to unnamed module @0x53ca01a2
	at com.github.weisj.darklaf.ui.label.DarkLabelUI.paint(DarkLabelUI.java:83) ~[darklaf-core-2.5.4.jar:2.5.4]
	at javax.swing.plaf.ComponentUI.update(ComponentUI.java:161) ~[?:?]
	at javax.swing.JComponent.paintComponent(JComponent.java:842) ~[?:?]
	at javax.swing.JComponent.paint(JComponent.java:1119) ~[?:?]
	at javax.swing.JComponent.paintChildren(JComponent.java:952) ~[?:?]
	at javax.swing.JComponent.paint(JComponent.java:1128) ~[?:?]
	at javax.swing.JComponent.paintChildren(JComponent.java:952) ~[?:?]
	at javax.swing.JComponent.paint(JComponent.java:1128) ~[?:?]
	at javax.swing.JLayeredPane.paint(JLayeredPane.java:586) ~[?:?]
	at javax.swing.JComponent.paintChildren(JComponent.java:952) ~[?:?]
	at javax.swing.JComponent.paintToOffscreen(JComponent.java:5318) ~[?:?]
	at javax.swing.RepaintManager$PaintManager.paintDoubleBufferedFPScales(RepaintManager.java:1721) ~[?:?]
	at javax.swing.RepaintManager$PaintManager.paintDoubleBuffered(RepaintManager.java:1630) ~[?:?]
	at javax.swing.RepaintManager$PaintManager.paint(RepaintManager.java:1570) ~[?:?]
	at javax.swing.RepaintManager.paint(RepaintManager.java:1337) ~[?:?]
	at javax.swing.JComponent.paint(JComponent.java:1105) ~[?:?]
	at java.awt.GraphicsCallback$PaintCallback.run(GraphicsCallback.java:39) ~[?:?]
	at sun.awt.SunGraphicsCallback.runOneComponent(SunGraphicsCallback.java:75) ~[?:?]
	at sun.awt.SunGraphicsCallback.runComponents(SunGraphicsCallback.java:112) ~[?:?]
	at java.awt.Container.paint(Container.java:2005) ~[?:?]
	at java.awt.Window.paint(Window.java:3959) ~[?:?]
	at javax.swing.RepaintManager$4.run(RepaintManager.java:890) ~[?:?]
	at javax.swing.RepaintManager$4.run(RepaintManager.java:862) ~[?:?]
	at java.security.AccessController.doPrivileged(AccessController.java:399) ~[?:?]
	at java.security.ProtectionDomain$JavaSecurityAccessImpl.doIntersectionPrivilege(ProtectionDomain.java:86) ~[?:?]
	at javax.swing.RepaintManager.paintDirtyRegions(RepaintManager.java:862) ~[?:?]
	at javax.swing.RepaintManager.paintDirtyRegions(RepaintManager.java:835) ~[?:?]
	at javax.swing.RepaintManager.prePaintDirtyRegions(RepaintManager.java:784) ~[?:?]
	at javax.swing.RepaintManager$ProcessingRunnable.run(RepaintManager.java:1898) ~[?:?]
	at java.awt.event.InvocationEvent.dispatch(InvocationEvent.java:318) [?:?]
	at java.awt.EventQueue.dispatchEventImpl(EventQueue.java:771) [?:?]
	at java.awt.EventQueue$4.run(EventQueue.java:722) [?:?]
	at java.awt.EventQueue$4.run(EventQueue.java:716) [?:?]
	at java.security.AccessController.doPrivileged(AccessController.java:399) ~[?:?]
	at java.security.ProtectionDomain$JavaSecurityAccessImpl.doIntersectionPrivilege(ProtectionDomain.java:86) ~[?:?]
	at java.awt.EventQueue.dispatchEvent(EventQueue.java:741) ~[?:?]
	at java.awt.EventDispatchThread.pumpOneEventForFilters(EventDispatchThread.java:203) ~[?:?]
	at java.awt.EventDispatchThread.pumpEventsForFilter(EventDispatchThread.java:124) ~[?:?]
	at java.awt.EventDispatchThread.pumpEventsForFilter(EventDispatchThread.java:117) ~[?:?]
	at java.awt.WaitDispatchSupport$2.run(WaitDispatchSupport.java:191) ~[?:?]
	at java.awt.WaitDispatchSupport$4.run(WaitDispatchSupport.java:236) ~[?:?]
	at java.awt.WaitDispatchSupport$4.run(WaitDispatchSupport.java:234) ~[?:?]
	at java.security.AccessController.doPrivileged(AccessController.java:318) [?:?]
	at java.awt.WaitDispatchSupport.enter(WaitDispatchSupport.java:234) ~[?:?]
	at java.awt.Dialog.show(Dialog.java:1080) ~[?:?]
	at java.awt.Component.show(Component.java:1728) ~[?:?]
	at java.awt.Component.setVisible(Component.java:1675) ~[?:?]
	at java.awt.Window.setVisible(Window.java:1036) ~[?:?]
	at java.awt.Dialog.setVisible(Dialog.java:1016) ~[?:?]
	at org.apache.jmeter.SplashScreen.lambda$showScreen$0(SplashScreen.java:95) ~[ApacheJMeter_core-5.4.1.jar:5.4.1]
	at java.awt.event.InvocationEvent.dispatch(InvocationEvent.java:318) ~[?:?]
	at java.awt.EventQueue.dispatchEventImpl(EventQueue.java:771) ~[?:?]
	at java.awt.EventQueue$4.run(EventQueue.java:722) ~[?:?]
	at java.awt.EventQueue$4.run(EventQueue.java:716) ~[?:?]
	at java.security.AccessController.doPrivileged(AccessController.java:399) [?:?]
	at java.security.ProtectionDomain$JavaSecurityAccessImpl.doIntersectionPrivilege(ProtectionDomain.java:86) [?:?]
	at java.awt.EventQueue.dispatchEvent(EventQueue.java:741) [?:?]
	at java.awt.EventDispatchThread.pumpOneEventForFilters(EventDispatchThread.java:203) [?:?]
	at java.awt.EventDispatchThread.pumpEventsForFilter(EventDispatchThread.java:124) [?:?]
	at java.awt.EventDispatchThread.pumpEventsForHierarchy(EventDispatchThread.java:113) [?:?]
	at java.awt.EventDispatchThread.pumpEvents(EventDispatchThread.java:109) [?:?]
	at java.awt.EventDispatchThread.pumpEvents(EventDispatchThread.java:101) [?:?]
	at java.awt.EventDispatchThread.run(EventDispatchThread.java:90) [?:?]
2021-12-15 08:15:08,410 ERROR o.a.j.JMeter: Uncaught exception in thread Thread[AWT-EventQueue-0,6,main]
java.lang.IllegalAccessError: class com.github.weisj.darklaf.ui.label.DarkLabelUI (in unnamed module @0x53ca01a2) cannot access class sun.swing.SwingUtilities2 (in module java.desktop) because module java.desktop does not export sun.swing to unnamed module @0x53ca01a2
	at com.github.weisj.darklaf.ui.label.DarkLabelUI.paint(DarkLabelUI.java:83) ~[darklaf-core-2.5.4.jar:2.5.4]
	at javax.swing.plaf.ComponentUI.update(ComponentUI.java:161) ~[?:?]
	at javax.swing.JComponent.paintComponent(JComponent.java:842) ~[?:?]
	at javax.swing.JComponent.paint(JComponent.java:1119) ~[?:?]
	at javax.swing.tree.DefaultTreeCellRenderer.paint(DefaultTreeCellRenderer.java:603) ~[?:?]
	at javax.swing.CellRendererPane.paintComponent(CellRendererPane.java:170) ~[?:?]
	at javax.swing.plaf.basic.BasicTreeUI.paintRow(BasicTreeUI.java:1788) ~[?:?]
	at com.github.weisj.darklaf.ui.tree.DarkTreeUI.paintSingleRow(DarkTreeUI.java:337) ~[darklaf-core-2.5.4.jar:2.5.4]
	at com.github.weisj.darklaf.ui.tree.DarkTreeUI.paint(DarkTreeUI.java:282) ~[darklaf-core-2.5.4.jar:2.5.4]
	at javax.swing.plaf.ComponentUI.update(ComponentUI.java:161) ~[?:?]
	at com.github.weisj.darklaf.ui.tree.DarkTreeUI.update(DarkTreeUI.java:419) ~[darklaf-core-2.5.4.jar:2.5.4]
	at javax.swing.JComponent.paintComponent(JComponent.java:842) ~[?:?]
	at javax.swing.JComponent.paint(JComponent.java:1119) ~[?:?]
	at javax.swing.JComponent.paintChildren(JComponent.java:952) ~[?:?]
	at javax.swing.JComponent.paint(JComponent.java:1128) ~[?:?]
	at javax.swing.JViewport.paint(JViewport.java:736) ~[?:?]
	at javax.swing.JComponent.paintChildren(JComponent.java:952) ~[?:?]
	at javax.swing.JComponent.paint(JComponent.java:1128) ~[?:?]
	at javax.swing.JComponent.paintChildren(JComponent.java:952) ~[?:?]
	at javax.swing.JSplitPane.paintChildren(JSplitPane.java:1030) ~[?:?]
	at javax.swing.JComponent.paint(JComponent.java:1128) ~[?:?]
	at javax.swing.JComponent.paintChildren(JComponent.java:952) ~[?:?]
	at javax.swing.JComponent.paint(JComponent.java:1128) ~[?:?]
	at javax.swing.JComponent.paintChildren(JComponent.java:952) ~[?:?]
	at javax.swing.JComponent.paint(JComponent.java:1128) ~[?:?]
	at javax.swing.JComponent.paintChildren(JComponent.java:952) ~[?:?]
	at javax.swing.JComponent.paint(JComponent.java:1128) ~[?:?]
	at javax.swing.JLayeredPane.paint(JLayeredPane.java:586) ~[?:?]
	at javax.swing.JComponent.paintChildren(JComponent.java:952) ~[?:?]
	at javax.swing.JComponent.paintToOffscreen(JComponent.java:5318) ~[?:?]
	at javax.swing.RepaintManager$PaintManager.paintDoubleBufferedFPScales(RepaintManager.java:1721) ~[?:?]
	at javax.swing.RepaintManager$PaintManager.paintDoubleBuffered(RepaintManager.java:1630) ~[?:?]
	at javax.swing.RepaintManager$PaintManager.paint(RepaintManager.java:1570) ~[?:?]
	at javax.swing.RepaintManager.paint(RepaintManager.java:1337) ~[?:?]
	at javax.swing.JComponent.paint(JComponent.java:1105) ~[?:?]
	at java.awt.GraphicsCallback$PaintCallback.run(GraphicsCallback.java:39) ~[?:?]
	at sun.awt.SunGraphicsCallback.runOneComponent(SunGraphicsCallback.java:75) ~[?:?]
	at sun.awt.SunGraphicsCallback.runComponents(SunGraphicsCallback.java:112) ~[?:?]
	at java.awt.Container.paint(Container.java:2005) ~[?:?]
	at java.awt.Window.paint(Window.java:3959) ~[?:?]
	at javax.swing.RepaintManager$4.run(RepaintManager.java:890) ~[?:?]
	at javax.swing.RepaintManager$4.run(RepaintManager.java:862) ~[?:?]
	at java.security.AccessController.doPrivileged(AccessController.java:399) ~[?:?]
	at java.security.ProtectionDomain$JavaSecurityAccessImpl.doIntersectionPrivilege(ProtectionDomain.java:86) ~[?:?]
	at javax.swing.RepaintManager.paintDirtyRegions(RepaintManager.java:862) ~[?:?]
	at javax.swing.RepaintManager.paintDirtyRegions(RepaintManager.java:835) ~[?:?]
	at javax.swing.RepaintManager.prePaintDirtyRegions(RepaintManager.java:784) ~[?:?]
	at javax.swing.RepaintManager$ProcessingRunnable.run(RepaintManager.java:1898) ~[?:?]
	at java.awt.event.InvocationEvent.dispatch(InvocationEvent.java:318) [?:?]
	at java.awt.EventQueue.dispatchEventImpl(EventQueue.java:771) [?:?]
	at java.awt.EventQueue$4.run(EventQueue.java:722) [?:?]
	at java.awt.EventQueue$4.run(EventQueue.java:716) [?:?]
	at java.security.AccessController.doPrivileged(AccessController.java:399) ~[?:?]
	at java.security.ProtectionDomain$JavaSecurityAccessImpl.doIntersectionPrivilege(ProtectionDomain.java:86) ~[?:?]
	at java.awt.EventQueue.dispatchEvent(EventQueue.java:741) ~[?:?]
	at java.awt.EventDispatchThread.pumpOneEventForFilters(EventDispatchThread.java:203) ~[?:?]
	at java.awt.EventDispatchThread.pumpEventsForFilter(EventDispatchThread.java:124) ~[?:?]
	at java.awt.EventDispatchThread.pumpEventsForFilter(EventDispatchThread.java:117) ~[?:?]
	at java.awt.WaitDispatchSupport$2.run(WaitDispatchSupport.java:191) ~[?:?]
	at java.awt.WaitDispatchSupport$4.run(WaitDispatchSupport.java:236) ~[?:?]
	at java.awt.WaitDispatchSupport$4.run(WaitDispatchSupport.java:234) ~[?:?]
	at java.security.AccessController.doPrivileged(AccessController.java:318) [?:?]
	at java.awt.WaitDispatchSupport.enter(WaitDispatchSupport.java:234) ~[?:?]
	at java.awt.Dialog.show(Dialog.java:1080) ~[?:?]
	at java.awt.Component.show(Component.java:1728) ~[?:?]
	at java.awt.Component.setVisible(Component.java:1675) ~[?:?]
	at java.awt.Window.setVisible(Window.java:1036) ~[?:?]
	at java.awt.Dialog.setVisible(Dialog.java:1016) ~[?:?]
	at org.apache.jmeter.SplashScreen.lambda$showScreen$0(SplashScreen.java:95) ~[ApacheJMeter_core-5.4.1.jar:5.4.1]
	at java.awt.event.InvocationEvent.dispatch(InvocationEvent.java:318) ~[?:?]
	at java.awt.EventQueue.dispatchEventImpl(EventQueue.java:771) ~[?:?]
	at java.awt.EventQueue$4.run(EventQueue.java:722) ~[?:?]
	at java.awt.EventQueue$4.run(EventQueue.java:716) ~[?:?]
	at java.security.AccessController.doPrivileged(AccessController.java:399) [?:?]
	at java.security.ProtectionDomain$JavaSecurityAccessImpl.doIntersectionPrivilege(ProtectionDomain.java:86) [?:?]
	at java.awt.EventQueue.dispatchEvent(EventQueue.java:741) [?:?]
	at java.awt.EventDispatchThread.pumpOneEventForFilters(EventDispatchThread.java:203) [?:?]
	at java.awt.EventDispatchThread.pumpEventsForFilter(EventDispatchThread.java:124) [?:?]
	at java.awt.EventDispatchThread.pumpEventsForHierarchy(EventDispatchThread.java:113) [?:?]
	at java.awt.EventDispatchThread.pumpEvents(EventDispatchThread.java:109) [?:?]
	at java.awt.EventDispatchThread.pumpEvents(EventDispatchThread.java:101) [?:?]
	at java.awt.EventDispatchThread.run(EventDispatchThread.java:90) [?:?]
2021-12-15 08:15:08,414 ERROR o.a.j.JMeter: Uncaught exception in thread Thread[AWT-EventQueue-0,6,main]
java.lang.IllegalAccessError: class com.github.weisj.darklaf.ui.label.DarkLabelUI (in unnamed module @0x53ca01a2) cannot access class sun.swing.SwingUtilities2 (in module java.desktop) because module java.desktop does not export sun.swing to unnamed module @0x53ca01a2
	at com.github.weisj.darklaf.ui.label.DarkLabelUI.paint(DarkLabelUI.java:83) ~[darklaf-core-2.5.4.jar:2.5.4]
	at javax.swing.plaf.ComponentUI.update(ComponentUI.java:161) ~[?:?]
	at javax.swing.JComponent.paintComponent(JComponent.java:842) ~[?:?]
	at javax.swing.JComponent.paint(JComponent.java:1119) ~[?:?]
	at javax.swing.tree.DefaultTreeCellRenderer.paint(DefaultTreeCellRenderer.java:603) ~[?:?]
	at javax.swing.CellRendererPane.paintComponent(CellRendererPane.java:170) ~[?:?]
	at javax.swing.plaf.basic.BasicTreeUI.paintRow(BasicTreeUI.java:1788) ~[?:?]
	at com.github.weisj.darklaf.ui.tree.DarkTreeUI.paintSingleRow(DarkTreeUI.java:337) ~[darklaf-core-2.5.4.jar:2.5.4]
	at com.github.weisj.darklaf.ui.tree.DarkTreeUI.paint(DarkTreeUI.java:282) ~[darklaf-core-2.5.4.jar:2.5.4]
	at javax.swing.plaf.ComponentUI.update(ComponentUI.java:161) ~[?:?]
	at com.github.weisj.darklaf.ui.tree.DarkTreeUI.update(DarkTreeUI.java:419) ~[darklaf-core-2.5.4.jar:2.5.4]
	at javax.swing.JComponent.paintComponent(JComponent.java:842) ~[?:?]
	at javax.swing.JComponent.paint(JComponent.java:1119) ~[?:?]
	at javax.swing.JComponent.paintToOffscreen(JComponent.java:5311) ~[?:?]
	at javax.swing.RepaintManager$PaintManager.paintDoubleBufferedFPScales(RepaintManager.java:1721) ~[?:?]
	at javax.swing.RepaintManager$PaintManager.paintDoubleBuffered(RepaintManager.java:1630) ~[?:?]
	at javax.swing.RepaintManager$PaintManager.paint(RepaintManager.java:1570) ~[?:?]
	at javax.swing.RepaintManager.paint(RepaintManager.java:1337) ~[?:?]
	at javax.swing.JComponent._paintImmediately(JComponent.java:5259) ~[?:?]
	at javax.swing.JComponent.paintImmediately(JComponent.java:5069) ~[?:?]
	at javax.swing.RepaintManager$4.run(RepaintManager.java:879) ~[?:?]
	at javax.swing.RepaintManager$4.run(RepaintManager.java:862) ~[?:?]
	at java.security.AccessController.doPrivileged(AccessController.java:399) ~[?:?]
	at java.security.ProtectionDomain$JavaSecurityAccessImpl.doIntersectionPrivilege(ProtectionDomain.java:86) ~[?:?]
	at javax.swing.RepaintManager.paintDirtyRegions(RepaintManager.java:862) ~[?:?]
	at javax.swing.RepaintManager.paintDirtyRegions(RepaintManager.java:835) ~[?:?]
	at javax.swing.RepaintManager.prePaintDirtyRegions(RepaintManager.java:784) ~[?:?]
	at javax.swing.RepaintManager$ProcessingRunnable.run(RepaintManager.java:1898) ~[?:?]
	at java.awt.event.InvocationEvent.dispatch(InvocationEvent.java:318) [?:?]
	at java.awt.EventQueue.dispatchEventImpl(EventQueue.java:771) [?:?]
	at java.awt.EventQueue$4.run(EventQueue.java:722) [?:?]
	at java.awt.EventQueue$4.run(EventQueue.java:716) [?:?]
	at java.security.AccessController.doPrivileged(AccessController.java:399) ~[?:?]
	at java.security.ProtectionDomain$JavaSecurityAccessImpl.doIntersectionPrivilege(ProtectionDomain.java:86) ~[?:?]
	at java.awt.EventQueue.dispatchEvent(EventQueue.java:741) ~[?:?]
	at java.awt.EventDispatchThread.pumpOneEventForFilters(EventDispatchThread.java:203) ~[?:?]
	at java.awt.EventDispatchThread.pumpEventsForFilter(EventDispatchThread.java:124) ~[?:?]
	at java.awt.EventDispatchThread.pumpEventsForFilter(EventDispatchThread.java:117) ~[?:?]
	at java.awt.WaitDispatchSupport$2.run(WaitDispatchSupport.java:191) ~[?:?]
	at java.awt.WaitDispatchSupport$4.run(WaitDispatchSupport.java:236) ~[?:?]
	at java.awt.WaitDispatchSupport$4.run(WaitDispatchSupport.java:234) ~[?:?]
	at java.security.AccessController.doPrivileged(AccessController.java:318) [?:?]
	at java.awt.WaitDispatchSupport.enter(WaitDispatchSupport.java:234) ~[?:?]
	at java.awt.Dialog.show(Dialog.java:1080) ~[?:?]
	at java.awt.Component.show(Component.java:1728) ~[?:?]
	at java.awt.Component.setVisible(Component.java:1675) ~[?:?]
	at java.awt.Window.setVisible(Window.java:1036) ~[?:?]
	at java.awt.Dialog.setVisible(Dialog.java:1016) ~[?:?]
	at org.apache.jmeter.SplashScreen.lambda$showScreen$0(SplashScreen.java:95) ~[ApacheJMeter_core-5.4.1.jar:5.4.1]
	at java.awt.event.InvocationEvent.dispatch(InvocationEvent.java:318) ~[?:?]
	at java.awt.EventQueue.dispatchEventImpl(EventQueue.java:771) ~[?:?]
	at java.awt.EventQueue$4.run(EventQueue.java:722) ~[?:?]
	at java.awt.EventQueue$4.run(EventQueue.java:716) ~[?:?]
	at java.security.AccessController.doPrivileged(AccessController.java:399) [?:?]
	at java.security.ProtectionDomain$JavaSecurityAccessImpl.doIntersectionPrivilege(ProtectionDomain.java:86) [?:?]
	at java.awt.EventQueue.dispatchEvent(EventQueue.java:741) [?:?]
	at java.awt.EventDispatchThread.pumpOneEventForFilters(EventDispatchThread.java:203) [?:?]
	at java.awt.EventDispatchThread.pumpEventsForFilter(EventDispatchThread.java:124) [?:?]
	at java.awt.EventDispatchThread.pumpEventsForHierarchy(EventDispatchThread.java:113) [?:?]
	at java.awt.EventDispatchThread.pumpEvents(EventDispatchThread.java:109) [?:?]
	at java.awt.EventDispatchThread.pumpEvents(EventDispatchThread.java:101) [?:?]
	at java.awt.EventDispatchThread.run(EventDispatchThread.java:90) [?:?]
2021-12-15 08:15:08,500 ERROR o.a.j.JMeter: Uncaught exception in thread Thread[AWT-EventQueue-0,6,main]
java.lang.IllegalAccessError: class com.github.weisj.darklaf.ui.menu.DarkMenuItemUIBase (in unnamed module @0x53ca01a2) cannot access class sun.swing.MenuItemLayoutHelper (in module java.desktop) because module java.desktop does not export sun.swing to unnamed module @0x53ca01a2
	at com.github.weisj.darklaf.ui.menu.DarkMenuItemUIBase.getPreferredMenuItemSize(DarkMenuItemUIBase.java:271) ~[darklaf-core-2.5.4.jar:2.5.4]
	at javax.swing.plaf.basic.BasicMenuItemUI.getPreferredSize(BasicMenuItemUI.java:504) ~[?:?]
	at javax.swing.JComponent.getPreferredSize(JComponent.java:1725) ~[?:?]
	at org.apache.jorphan.gui.GuiUtils.makeScrollableMenu(GuiUtils.java:174) ~[jorphan-5.4.1.jar:5.4.1]
	at org.apache.jmeter.gui.util.MenuFactory.makeMenu(MenuFactory.java:475) ~[ApacheJMeter_core-5.4.1.jar:5.4.1]
	at org.apache.jmeter.gui.util.MenuFactory.makeMenu(MenuFactory.java:453) ~[ApacheJMeter_core-5.4.1.jar:5.4.1]
	at org.apache.jmeter.control.gui.TestPlanGui.createPopupMenu(TestPlanGui.java:94) ~[ApacheJMeter_core-5.4.1.jar:5.4.1]
	at org.apache.jmeter.gui.tree.JMeterTreeNode.createPopupMenu(JMeterTreeNode.java:184) ~[ApacheJMeter_core-5.4.1.jar:5.4.1]
	at org.apache.jmeter.gui.action.EditCommand.doAction(EditCommand.java:46) ~[ApacheJMeter_core-5.4.1.jar:5.4.1]
	at org.apache.jmeter.gui.action.ActionRouter.performAction(ActionRouter.java:87) ~[ApacheJMeter_core-5.4.1.jar:5.4.1]
	at org.apache.jmeter.gui.action.ActionRouter.lambda$actionPerformed$0(ActionRouter.java:69) ~[ApacheJMeter_core-5.4.1.jar:5.4.1]
	at java.awt.event.InvocationEvent.dispatch(InvocationEvent.java:318) [?:?]
	at java.awt.EventQueue.dispatchEventImpl(EventQueue.java:771) [?:?]
	at java.awt.EventQueue$4.run(EventQueue.java:722) [?:?]
	at java.awt.EventQueue$4.run(EventQueue.java:716) [?:?]
	at java.security.AccessController.doPrivileged(AccessController.java:399) ~[?:?]
	at java.security.ProtectionDomain$JavaSecurityAccessImpl.doIntersectionPrivilege(ProtectionDomain.java:86) ~[?:?]
	at java.awt.EventQueue.dispatchEvent(EventQueue.java:741) ~[?:?]
	at java.awt.EventDispatchThread.pumpOneEventForFilters(EventDispatchThread.java:203) ~[?:?]
	at java.awt.EventDispatchThread.pumpEventsForFilter(EventDispatchThread.java:124) ~[?:?]
	at java.awt.EventDispatchThread.pumpEventsForFilter(EventDispatchThread.java:117) ~[?:?]
	at java.awt.WaitDispatchSupport$2.run(WaitDispatchSupport.java:191) ~[?:?]
	at java.awt.WaitDispatchSupport$4.run(WaitDispatchSupport.java:236) ~[?:?]
	at java.awt.WaitDispatchSupport$4.run(WaitDispatchSupport.java:234) ~[?:?]
	at java.security.AccessController.doPrivileged(AccessController.java:318) [?:?]
	at java.awt.WaitDispatchSupport.enter(WaitDispatchSupport.java:234) ~[?:?]
	at java.awt.Dialog.show(Dialog.java:1080) ~[?:?]
	at java.awt.Component.show(Component.java:1728) ~[?:?]
	at java.awt.Component.setVisible(Component.java:1675) ~[?:?]
	at java.awt.Window.setVisible(Window.java:1036) ~[?:?]
	at java.awt.Dialog.setVisible(Dialog.java:1016) ~[?:?]
	at org.apache.jmeter.SplashScreen.lambda$showScreen$0(SplashScreen.java:95) ~[ApacheJMeter_core-5.4.1.jar:5.4.1]
	at java.awt.event.InvocationEvent.dispatch(InvocationEvent.java:318) ~[?:?]
	at java.awt.EventQueue.dispatchEventImpl(EventQueue.java:771) ~[?:?]
	at java.awt.EventQueue$4.run(EventQueue.java:722) ~[?:?]
	at java.awt.EventQueue$4.run(EventQueue.java:716) ~[?:?]
	at java.security.AccessController.doPrivileged(AccessController.java:399) [?:?]
	at java.security.ProtectionDomain$JavaSecurityAccessImpl.doIntersectionPrivilege(ProtectionDomain.java:86) [?:?]
	at java.awt.EventQueue.dispatchEvent(EventQueue.java:741) [?:?]
	at java.awt.EventDispatchThread.pumpOneEventForFilters(EventDispatchThread.java:203) [?:?]
	at java.awt.EventDispatchThread.pumpEventsForFilter(EventDispatchThread.java:124) [?:?]
	at java.awt.EventDispatchThread.pumpEventsForHierarchy(EventDispatchThread.java:113) [?:?]
	at java.awt.EventDispatchThread.pumpEvents(EventDispatchThread.java:109) [?:?]
	at java.awt.EventDispatchThread.pumpEvents(EventDispatchThread.java:101) [?:?]
	at java.awt.EventDispatchThread.run(EventDispatchThread.java:90) [?:?]
2021-12-15 08:15:08,570 ERROR o.a.j.JMeter: Uncaught exception in thread Thread[AWT-EventQueue-0,6,main]
java.lang.IllegalAccessError: class com.github.weisj.darklaf.ui.label.DarkLabelUI (in unnamed module @0x53ca01a2) cannot access class sun.swing.SwingUtilities2 (in module java.desktop) because module java.desktop does not export sun.swing to unnamed module @0x53ca01a2
	at com.github.weisj.darklaf.ui.label.DarkLabelUI.paint(DarkLabelUI.java:83) ~[darklaf-core-2.5.4.jar:2.5.4]
	at javax.swing.plaf.ComponentUI.update(ComponentUI.java:161) ~[?:?]
	at javax.swing.JComponent.paintComponent(JComponent.java:842) ~[?:?]
	at sun.swing.table.DefaultTableCellHeaderRenderer.paintComponent(DefaultTableCellHeaderRenderer.java:159) ~[?:?]
	at javax.swing.JComponent.paint(JComponent.java:1119) ~[?:?]
	at javax.swing.CellRendererPane.paintComponent(CellRendererPane.java:170) ~[?:?]
	at com.github.weisj.darklaf.ui.table.header.DarkTableHeaderUI.paintCell(DarkTableHeaderUI.java:275) ~[darklaf-core-2.5.4.jar:2.5.4]
	at com.github.weisj.darklaf.ui.table.header.DarkTableHeaderUI.paintSingleCell(DarkTableHeaderUI.java:186) ~[darklaf-core-2.5.4.jar:2.5.4]
	at com.github.weisj.darklaf.ui.table.header.DarkTableHeaderUI.paintCells(DarkTableHeaderUI.java:168) ~[darklaf-core-2.5.4.jar:2.5.4]
	at com.github.weisj.darklaf.ui.table.header.DarkTableHeaderUI.paint(DarkTableHeaderUI.java:138) ~[darklaf-core-2.5.4.jar:2.5.4]
	at javax.swing.plaf.ComponentUI.update(ComponentUI.java:161) ~[?:?]
	at javax.swing.JComponent.paintComponent(JComponent.java:842) ~[?:?]
	at javax.swing.JComponent.paint(JComponent.java:1119) ~[?:?]
	at javax.swing.JComponent.paintChildren(JComponent.java:952) ~[?:?]
	at javax.swing.JComponent.paint(JComponent.java:1128) ~[?:?]
	at javax.swing.JViewport.paint(JViewport.java:736) ~[?:?]
	at javax.swing.JComponent.paintChildren(JComponent.java:952) ~[?:?]
	at javax.swing.JComponent.paint(JComponent.java:1128) ~[?:?]
	at javax.swing.JComponent.paintChildren(JComponent.java:952) ~[?:?]
	at javax.swing.JComponent.paint(JComponent.java:1128) ~[?:?]
	at javax.swing.JComponent.paintChildren(JComponent.java:952) ~[?:?]
	at javax.swing.JComponent.paint(JComponent.java:1128) ~[?:?]
	at javax.swing.JComponent.paintChildren(JComponent.java:952) ~[?:?]
	at javax.swing.JComponent.paint(JComponent.java:1128) ~[?:?]
	at javax.swing.JComponent.paintChildren(JComponent.java:952) ~[?:?]
	at javax.swing.JComponent.paint(JComponent.java:1128) ~[?:?]
	at javax.swing.JComponent.paintChildren(JComponent.java:952) ~[?:?]
	at javax.swing.JComponent.paint(JComponent.java:1128) ~[?:?]
	at javax.swing.JViewport.paint(JViewport.java:736) ~[?:?]
	at javax.swing.JComponent.paintChildren(JComponent.java:952) ~[?:?]
	at javax.swing.JComponent.paint(JComponent.java:1128) ~[?:?]
	at javax.swing.JComponent.paintToOffscreen(JComponent.java:5311) ~[?:?]
	at javax.swing.RepaintManager$PaintManager.paintDoubleBufferedFPScales(RepaintManager.java:1721) ~[?:?]
	at javax.swing.RepaintManager$PaintManager.paintDoubleBuffered(RepaintManager.java:1630) ~[?:?]
	at javax.swing.RepaintManager$PaintManager.paint(RepaintManager.java:1570) ~[?:?]
	at javax.swing.RepaintManager.paint(RepaintManager.java:1337) ~[?:?]
	at javax.swing.JComponent._paintImmediately(JComponent.java:5259) ~[?:?]
	at javax.swing.JComponent.paintImmediately(JComponent.java:5069) ~[?:?]
	at javax.swing.RepaintManager$4.run(RepaintManager.java:879) ~[?:?]
	at javax.swing.RepaintManager$4.run(RepaintManager.java:862) ~[?:?]
	at java.security.AccessController.doPrivileged(AccessController.java:399) ~[?:?]
	at java.security.ProtectionDomain$JavaSecurityAccessImpl.doIntersectionPrivilege(ProtectionDomain.java:86) ~[?:?]
	at javax.swing.RepaintManager.paintDirtyRegions(RepaintManager.java:862) ~[?:?]
	at javax.swing.RepaintManager.paintDirtyRegions(RepaintManager.java:835) ~[?:?]
	at javax.swing.RepaintManager.prePaintDirtyRegions(RepaintManager.java:784) ~[?:?]
	at javax.swing.RepaintManager$ProcessingRunnable.run(RepaintManager.java:1898) ~[?:?]
	at java.awt.event.InvocationEvent.dispatch(InvocationEvent.java:318) ~[?:?]
	at java.awt.EventQueue.dispatchEventImpl(EventQueue.java:771) ~[?:?]
	at java.awt.EventQueue$4.run(EventQueue.java:722) ~[?:?]
	at java.awt.EventQueue$4.run(EventQueue.java:716) ~[?:?]
	at java.security.AccessController.doPrivileged(AccessController.java:399) ~[?:?]
	at java.security.ProtectionDomain$JavaSecurityAccessImpl.doIntersectionPrivilege(ProtectionDomain.java:86) ~[?:?]
	at java.awt.EventQueue.dispatchEvent(EventQueue.java:741) ~[?:?]
	at java.awt.EventDispatchThread.pumpOneEventForFilters(EventDispatchThread.java:203) [?:?]
	at java.awt.EventDispatchThread.pumpEventsForFilter(EventDispatchThread.java:124) [?:?]
	at java.awt.EventDispatchThread.pumpEventsForHierarchy(EventDispatchThread.java:113) [?:?]
	at java.awt.EventDispatchThread.pumpEvents(EventDispatchThread.java:109) [?:?]
	at java.awt.EventDispatchThread.pumpEvents(EventDispatchThread.java:101) [?:?]
	at java.awt.EventDispatchThread.run(EventDispatchThread.java:90) [?:?]
2021-12-15 08:15:08,572 ERROR o.a.j.JMeter: Uncaught exception in thread Thread[AWT-EventQueue-0,6,main]
java.lang.IllegalAccessError: class com.github.weisj.darklaf.ui.text.DarkTextFieldUI (in unnamed module @0x53ca01a2) cannot access class sun.swing.SwingUtilities2 (in module java.desktop) because module java.desktop does not export sun.swing to unnamed module @0x53ca01a2
	at com.github.weisj.darklaf.ui.text.DarkTextFieldUI.getVisibleEditorRect(DarkTextFieldUI.java:145) ~[darklaf-core-2.5.4.jar:2.5.4]
	at com.github.weisj.darklaf.ui.text.DarkTextFieldUI.getVisibleEditorRect(DarkTextFieldUI.java:139) ~[darklaf-core-2.5.4.jar:2.5.4]
	at javax.swing.plaf.basic.BasicTextUI.modelToView(BasicTextUI.java:1105) ~[?:?]
	at javax.swing.plaf.basic.BasicTextUI.modelToView(BasicTextUI.java:1085) ~[?:?]
	at javax.swing.text.DefaultCaret.repaintNewCaret(DefaultCaret.java:1348) ~[?:?]
	at javax.swing.text.DefaultCaret$1.run(DefaultCaret.java:1326) ~[?:?]
	at java.awt.event.InvocationEvent.dispatch(InvocationEvent.java:318) ~[?:?]
	at java.awt.EventQueue.dispatchEventImpl(EventQueue.java:771) ~[?:?]
	at java.awt.EventQueue$4.run(EventQueue.java:722) ~[?:?]
	at java.awt.EventQueue$4.run(EventQueue.java:716) ~[?:?]
	at java.security.AccessController.doPrivileged(AccessController.java:399) ~[?:?]
	at java.security.ProtectionDomain$JavaSecurityAccessImpl.doIntersectionPrivilege(ProtectionDomain.java:86) ~[?:?]
	at java.awt.EventQueue.dispatchEvent(EventQueue.java:741) ~[?:?]
	at java.awt.EventDispatchThread.pumpOneEventForFilters(EventDispatchThread.java:203) [?:?]
	at java.awt.EventDispatchThread.pumpEventsForFilter(EventDispatchThread.java:124) [?:?]
	at java.awt.EventDispatchThread.pumpEventsForHierarchy(EventDispatchThread.java:113) [?:?]
	at java.awt.EventDispatchThread.pumpEvents(EventDispatchThread.java:109) [?:?]
	at java.awt.EventDispatchThread.pumpEvents(EventDispatchThread.java:101) [?:?]
	at java.awt.EventDispatchThread.run(EventDispatchThread.java:90) [?:?]
2021-12-15 08:15:08,573 ERROR o.a.j.JMeter: Uncaught exception in thread Thread[AWT-EventQueue-0,6,main]
java.lang.IllegalAccessError: class com.github.weisj.darklaf.ui.text.DarkTextFieldUI (in unnamed module @0x53ca01a2) cannot access class sun.swing.SwingUtilities2 (in module java.desktop) because module java.desktop does not export sun.swing to unnamed module @0x53ca01a2
	at com.github.weisj.darklaf.ui.text.DarkTextFieldUI.getVisibleEditorRect(DarkTextFieldUI.java:145) ~[darklaf-core-2.5.4.jar:2.5.4]
	at com.github.weisj.darklaf.ui.text.DarkTextFieldUI.getVisibleEditorRect(DarkTextFieldUI.java:139) ~[darklaf-core-2.5.4.jar:2.5.4]
	at javax.swing.plaf.basic.BasicTextUI.modelToView(BasicTextUI.java:1105) ~[?:?]
	at javax.swing.plaf.basic.BasicTextUI.modelToView(BasicTextUI.java:1085) ~[?:?]
	at javax.swing.text.DefaultCaret.repaintNewCaret(DefaultCaret.java:1348) ~[?:?]
	at javax.swing.text.DefaultCaret$1.run(DefaultCaret.java:1326) ~[?:?]
	at java.awt.event.InvocationEvent.dispatch(InvocationEvent.java:318) ~[?:?]
	at java.awt.EventQueue.dispatchEventImpl(EventQueue.java:771) ~[?:?]
	at java.awt.EventQueue$4.run(EventQueue.java:722) ~[?:?]
	at java.awt.EventQueue$4.run(EventQueue.java:716) ~[?:?]
	at java.security.AccessController.doPrivileged(AccessController.java:399) ~[?:?]
	at java.security.ProtectionDomain$JavaSecurityAccessImpl.doIntersectionPrivilege(ProtectionDomain.java:86) ~[?:?]
	at java.awt.EventQueue.dispatchEvent(EventQueue.java:741) ~[?:?]
	at java.awt.EventDispatchThread.pumpOneEventForFilters(EventDispatchThread.java:203) [?:?]
	at java.awt.EventDispatchThread.pumpEventsForFilter(EventDispatchThread.java:124) [?:?]
	at java.awt.EventDispatchThread.pumpEventsForHierarchy(EventDispatchThread.java:113) [?:?]
	at java.awt.EventDispatchThread.pumpEvents(EventDispatchThread.java:109) [?:?]
	at java.awt.EventDispatchThread.pumpEvents(EventDispatchThread.java:101) [?:?]
	at java.awt.EventDispatchThread.run(EventDispatchThread.java:90) [?:?]
2021-12-15 08:15:08,573 ERROR o.a.j.JMeter: Uncaught exception in thread Thread[AWT-EventQueue-0,6,main]
java.lang.IllegalAccessError: class com.github.weisj.darklaf.ui.text.DarkTextFieldUI (in unnamed module @0x53ca01a2) cannot access class sun.swing.SwingUtilities2 (in module java.desktop) because module java.desktop does not export sun.swing to unnamed module @0x53ca01a2
	at com.github.weisj.darklaf.ui.text.DarkTextFieldUI.getVisibleEditorRect(DarkTextFieldUI.java:145) ~[darklaf-core-2.5.4.jar:2.5.4]
	at com.github.weisj.darklaf.ui.text.DarkTextFieldUI.getVisibleEditorRect(DarkTextFieldUI.java:139) ~[darklaf-core-2.5.4.jar:2.5.4]
	at javax.swing.plaf.basic.BasicTextUI.modelToView(BasicTextUI.java:1105) ~[?:?]
	at javax.swing.plaf.basic.BasicTextUI.modelToView(BasicTextUI.java:1085) ~[?:?]
	at javax.swing.text.DefaultCaret.repaintNewCaret(DefaultCaret.java:1348) ~[?:?]
	at javax.swing.text.DefaultCaret$1.run(DefaultCaret.java:1326) ~[?:?]
	at java.awt.event.InvocationEvent.dispatch(InvocationEvent.java:318) ~[?:?]
	at java.awt.EventQueue.dispatchEventImpl(EventQueue.java:771) ~[?:?]
	at java.awt.EventQueue$4.run(EventQueue.java:722) ~[?:?]
	at java.awt.EventQueue$4.run(EventQueue.java:716) ~[?:?]
	at java.security.AccessController.doPrivileged(AccessController.java:399) ~[?:?]
	at java.security.ProtectionDomain$JavaSecurityAccessImpl.doIntersectionPrivilege(ProtectionDomain.java:86) ~[?:?]
	at java.awt.EventQueue.dispatchEvent(EventQueue.java:741) ~[?:?]
	at java.awt.EventDispatchThread.pumpOneEventForFilters(EventDispatchThread.java:203) [?:?]
	at java.awt.EventDispatchThread.pumpEventsForFilter(EventDispatchThread.java:124) [?:?]
	at java.awt.EventDispatchThread.pumpEventsForHierarchy(EventDispatchThread.java:113) [?:?]
	at java.awt.EventDispatchThread.pumpEvents(EventDispatchThread.java:109) [?:?]
	at java.awt.EventDispatchThread.pumpEvents(EventDispatchThread.java:101) [?:?]
	at java.awt.EventDispatchThread.run(EventDispatchThread.java:90) [?:?]
2021-12-15 08:15:08,574 ERROR o.a.j.JMeter: Uncaught exception in thread Thread[AWT-EventQueue-0,6,main]
java.lang.IllegalAccessError: class com.github.weisj.darklaf.ui.text.DarkTextFieldUI (in unnamed module @0x53ca01a2) cannot access class sun.swing.SwingUtilities2 (in module java.desktop) because module java.desktop does not export sun.swing to unnamed module @0x53ca01a2
	at com.github.weisj.darklaf.ui.text.DarkTextFieldUI.getVisibleEditorRect(DarkTextFieldUI.java:145) ~[darklaf-core-2.5.4.jar:2.5.4]
	at com.github.weisj.darklaf.ui.text.DarkTextFieldUI.getVisibleEditorRect(DarkTextFieldUI.java:139) ~[darklaf-core-2.5.4.jar:2.5.4]
	at javax.swing.plaf.basic.BasicTextUI.modelToView(BasicTextUI.java:1105) ~[?:?]
	at javax.swing.plaf.basic.BasicTextUI.modelToView(BasicTextUI.java:1085) ~[?:?]
	at javax.swing.text.DefaultCaret.repaintNewCaret(DefaultCaret.java:1348) ~[?:?]
	at javax.swing.text.DefaultCaret$1.run(DefaultCaret.java:1326) ~[?:?]
	at java.awt.event.InvocationEvent.dispatch(InvocationEvent.java:318) ~[?:?]
	at java.awt.EventQueue.dispatchEventImpl(EventQueue.java:771) ~[?:?]
	at java.awt.EventQueue$4.run(EventQueue.java:722) ~[?:?]
	at java.awt.EventQueue$4.run(EventQueue.java:716) ~[?:?]
	at java.security.AccessController.doPrivileged(AccessController.java:399) ~[?:?]
	at java.security.ProtectionDomain$JavaSecurityAccessImpl.doIntersectionPrivilege(ProtectionDomain.java:86) ~[?:?]
	at java.awt.EventQueue.dispatchEvent(EventQueue.java:741) ~[?:?]
	at java.awt.EventDispatchThread.pumpOneEventForFilters(EventDispatchThread.java:203) [?:?]
	at java.awt.EventDispatchThread.pumpEventsForFilter(EventDispatchThread.java:124) [?:?]
	at java.awt.EventDispatchThread.pumpEventsForHierarchy(EventDispatchThread.java:113) [?:?]
	at java.awt.EventDispatchThread.pumpEvents(EventDispatchThread.java:109) [?:?]
	at java.awt.EventDispatchThread.pumpEvents(EventDispatchThread.java:101) [?:?]
	at java.awt.EventDispatchThread.run(EventDispatchThread.java:90) [?:?]
2021-12-15 08:15:08,574 ERROR o.a.j.JMeter: Uncaught exception in thread Thread[AWT-EventQueue-0,6,main]
java.lang.IllegalAccessError: class com.github.weisj.darklaf.ui.text.DarkTextFieldUI (in unnamed module @0x53ca01a2) cannot access class sun.swing.SwingUtilities2 (in module java.desktop) because module java.desktop does not export sun.swing to unnamed module @0x53ca01a2
	at com.github.weisj.darklaf.ui.text.DarkTextFieldUI.getVisibleEditorRect(DarkTextFieldUI.java:145) ~[darklaf-core-2.5.4.jar:2.5.4]
	at com.github.weisj.darklaf.ui.text.DarkTextFieldUI.getVisibleEditorRect(DarkTextFieldUI.java:139) ~[darklaf-core-2.5.4.jar:2.5.4]
	at javax.swing.plaf.basic.BasicTextUI.modelToView(BasicTextUI.java:1105) ~[?:?]
	at javax.swing.plaf.basic.BasicTextUI.modelToView(BasicTextUI.java:1085) ~[?:?]
	at javax.swing.text.DefaultCaret.repaintNewCaret(DefaultCaret.java:1348) ~[?:?]
	at javax.swing.text.DefaultCaret$1.run(DefaultCaret.java:1326) ~[?:?]
	at java.awt.event.InvocationEvent.dispatch(InvocationEvent.java:318) ~[?:?]
	at java.awt.EventQueue.dispatchEventImpl(EventQueue.java:771) ~[?:?]
	at java.awt.EventQueue$4.run(EventQueue.java:722) ~[?:?]
	at java.awt.EventQueue$4.run(EventQueue.java:716) ~[?:?]
	at java.security.AccessController.doPrivileged(AccessController.java:399) ~[?:?]
	at java.security.ProtectionDomain$JavaSecurityAccessImpl.doIntersectionPrivilege(ProtectionDomain.java:86) ~[?:?]
	at java.awt.EventQueue.dispatchEvent(EventQueue.java:741) ~[?:?]
	at java.awt.EventDispatchThread.pumpOneEventForFilters(EventDispatchThread.java:203) [?:?]
	at java.awt.EventDispatchThread.pumpEventsForFilter(EventDispatchThread.java:124) [?:?]
	at java.awt.EventDispatchThread.pumpEventsForHierarchy(EventDispatchThread.java:113) [?:?]
	at java.awt.EventDispatchThread.pumpEvents(EventDispatchThread.java:109) [?:?]
	at java.awt.EventDispatchThread.pumpEvents(EventDispatchThread.java:101) [?:?]
	at java.awt.EventDispatchThread.run(EventDispatchThread.java:90) [?:?]
2021-12-15 08:36:42,113 ERROR o.a.j.JMeter: Uncaught exception in thread Thread[AWT-EventQueue-0,6,main]
java.lang.IllegalAccessError: class com.github.weisj.darklaf.ui.text.DarkTextFieldUI (in unnamed module @0x53ca01a2) cannot access class sun.swing.SwingUtilities2 (in module java.desktop) because module java.desktop does not export sun.swing to unnamed module @0x53ca01a2
	at com.github.weisj.darklaf.ui.text.DarkTextFieldUI.getVisibleEditorRect(DarkTextFieldUI.java:145) ~[darklaf-core-2.5.4.jar:2.5.4]
	at com.github.weisj.darklaf.ui.text.DarkTextFieldUI.getVisibleEditorRect(DarkTextFieldUI.java:139) ~[darklaf-core-2.5.4.jar:2.5.4]
	at javax.swing.plaf.basic.BasicTextUI.modelToView(BasicTextUI.java:1105) ~[?:?]
	at javax.swing.plaf.basic.BasicTextUI.modelToView(BasicTextUI.java:1085) ~[?:?]
	at javax.swing.text.DefaultCaret.repaintNewCaret(DefaultCaret.java:1348) ~[?:?]
	at javax.swing.text.DefaultCaret$1.run(DefaultCaret.java:1326) ~[?:?]
	at java.awt.event.InvocationEvent.dispatch(InvocationEvent.java:318) ~[?:?]
	at java.awt.EventQueue.dispatchEventImpl(EventQueue.java:771) ~[?:?]
	at java.awt.EventQueue$4.run(EventQueue.java:722) ~[?:?]
	at java.awt.EventQueue$4.run(EventQueue.java:716) ~[?:?]
	at java.security.AccessController.doPrivileged(AccessController.java:399) ~[?:?]
	at java.security.ProtectionDomain$JavaSecurityAccessImpl.doIntersectionPrivilege(ProtectionDomain.java:86) ~[?:?]
	at java.awt.EventQueue.dispatchEvent(EventQueue.java:741) ~[?:?]
	at java.awt.EventDispatchThread.pumpOneEventForFilters(EventDispatchThread.java:203) [?:?]
	at java.awt.EventDispatchThread.pumpEventsForFilter(EventDispatchThread.java:124) [?:?]
	at java.awt.EventDispatchThread.pumpEventsForHierarchy(EventDispatchThread.java:113) [?:?]
	at java.awt.EventDispatchThread.pumpEvents(EventDispatchThread.java:109) [?:?]
	at java.awt.EventDispatchThread.pumpEvents(EventDispatchThread.java:101) [?:?]
	at java.awt.EventDispatchThread.run(EventDispatchThread.java:90) [?:?]
2021-12-15 08:36:42,129 ERROR o.a.j.JMeter: Uncaught exception in thread Thread[AWT-EventQueue-0,6,main]
java.lang.IllegalAccessError: class com.github.weisj.darklaf.graphics.StringPainter (in unnamed module @0x53ca01a2) cannot access class sun.swing.SwingUtilities2 (in module java.desktop) because module java.desktop does not export sun.swing to unnamed module @0x53ca01a2
	at com.github.weisj.darklaf.graphics.StringPainter.drawStringUnderlineCharAt(StringPainter.java:85) ~[darklaf-core-2.5.4.jar:2.5.4]
	at com.github.weisj.darklaf.ui.button.DarkButtonUI.paintText(DarkButtonUI.java:347) ~[darklaf-core-2.5.4.jar:2.5.4]
	at com.github.weisj.darklaf.ui.button.DarkButtonUI.paint(DarkButtonUI.java:195) ~[darklaf-core-2.5.4.jar:2.5.4]
	at javax.swing.plaf.ComponentUI.update(ComponentUI.java:161) ~[?:?]
	at javax.swing.JComponent.paintComponent(JComponent.java:842) ~[?:?]
	at javax.swing.JComponent.paint(JComponent.java:1119) ~[?:?]
	at javax.swing.JComponent.paintChildren(JComponent.java:952) ~[?:?]
	at javax.swing.JComponent.paint(JComponent.java:1128) ~[?:?]
	at javax.swing.JComponent.paintChildren(JComponent.java:952) ~[?:?]
	at javax.swing.JComponent.paint(JComponent.java:1128) ~[?:?]
	at javax.swing.JComponent.paintChildren(JComponent.java:952) ~[?:?]
	at javax.swing.JComponent.paint(JComponent.java:1128) ~[?:?]
	at javax.swing.JComponent.paintChildren(JComponent.java:952) ~[?:?]
	at javax.swing.JComponent.paint(JComponent.java:1128) ~[?:?]
	at javax.swing.JComponent.paintChildren(JComponent.java:952) ~[?:?]
	at javax.swing.JComponent.paint(JComponent.java:1128) ~[?:?]
	at javax.swing.JComponent.paintChildren(JComponent.java:952) ~[?:?]
	at javax.swing.JComponent.paint(JComponent.java:1128) ~[?:?]
	at javax.swing.JComponent.paintChildren(JComponent.java:952) ~[?:?]
	at javax.swing.JComponent.paint(JComponent.java:1128) ~[?:?]
	at javax.swing.JViewport.paint(JViewport.java:736) ~[?:?]
	at javax.swing.JComponent.paintChildren(JComponent.java:952) ~[?:?]
	at javax.swing.JComponent.paint(JComponent.java:1128) ~[?:?]
	at javax.swing.JComponent.paintChildren(JComponent.java:952) ~[?:?]
	at javax.swing.JSplitPane.paintChildren(JSplitPane.java:1030) ~[?:?]
	at javax.swing.JComponent.paint(JComponent.java:1128) ~[?:?]
	at javax.swing.JComponent.paintChildren(JComponent.java:952) ~[?:?]
	at javax.swing.JSplitPane.paintChildren(JSplitPane.java:1030) ~[?:?]
	at javax.swing.JComponent.paint(JComponent.java:1128) ~[?:?]
	at javax.swing.JComponent.paintChildren(JComponent.java:952) ~[?:?]
	at javax.swing.JComponent.paint(JComponent.java:1128) ~[?:?]
	at javax.swing.JComponent.paintChildren(JComponent.java:952) ~[?:?]
	at javax.swing.JComponent.paint(JComponent.java:1128) ~[?:?]
	at javax.swing.JComponent.paintChildren(JComponent.java:952) ~[?:?]
	at javax.swing.JComponent.paint(JComponent.java:1128) ~[?:?]
	at javax.swing.JLayeredPane.paint(JLayeredPane.java:586) ~[?:?]
	at javax.swing.JComponent.paintChildren(JComponent.java:952) ~[?:?]
	at javax.swing.JComponent.paintToOffscreen(JComponent.java:5318) ~[?:?]
	at javax.swing.RepaintManager$PaintManager.paintDoubleBufferedImpl(RepaintManager.java:1657) ~[?:?]
	at javax.swing.RepaintManager$PaintManager.paintDoubleBuffered(RepaintManager.java:1632) ~[?:?]
	at javax.swing.RepaintManager$PaintManager.paint(RepaintManager.java:1570) ~[?:?]
	at javax.swing.RepaintManager.paint(RepaintManager.java:1337) ~[?:?]
	at javax.swing.JComponent.paint(JComponent.java:1105) ~[?:?]
	at java.awt.GraphicsCallback$PaintCallback.run(GraphicsCallback.java:39) ~[?:?]
	at sun.awt.SunGraphicsCallback.runOneComponent(SunGraphicsCallback.java:75) ~[?:?]
	at sun.awt.SunGraphicsCallback.runComponents(SunGraphicsCallback.java:112) ~[?:?]
	at java.awt.Container.paint(Container.java:2005) ~[?:?]
	at java.awt.Window.paint(Window.java:3959) ~[?:?]
	at javax.swing.RepaintManager$4.run(RepaintManager.java:890) ~[?:?]
	at javax.swing.RepaintManager$4.run(RepaintManager.java:862) ~[?:?]
	at java.security.AccessController.doPrivileged(AccessController.java:399) ~[?:?]
	at java.security.ProtectionDomain$JavaSecurityAccessImpl.doIntersectionPrivilege(ProtectionDomain.java:86) ~[?:?]
	at javax.swing.RepaintManager.paintDirtyRegions(RepaintManager.java:862) ~[?:?]
	at javax.swing.RepaintManager.paintDirtyRegions(RepaintManager.java:835) ~[?:?]
	at javax.swing.RepaintManager.prePaintDirtyRegions(RepaintManager.java:784) ~[?:?]
	at javax.swing.RepaintManager$ProcessingRunnable.run(RepaintManager.java:1898) ~[?:?]
	at java.awt.event.InvocationEvent.dispatch(InvocationEvent.java:318) ~[?:?]
	at java.awt.EventQueue.dispatchEventImpl(EventQueue.java:771) ~[?:?]
	at java.awt.EventQueue$4.run(EventQueue.java:722) ~[?:?]
	at java.awt.EventQueue$4.run(EventQueue.java:716) ~[?:?]
	at java.security.AccessController.doPrivileged(AccessController.java:399) ~[?:?]
	at java.security.ProtectionDomain$JavaSecurityAccessImpl.doIntersectionPrivilege(ProtectionDomain.java:86) ~[?:?]
	at java.awt.EventQueue.dispatchEvent(EventQueue.java:741) ~[?:?]
	at java.awt.EventDispatchThread.pumpOneEventForFilters(EventDispatchThread.java:203) [?:?]
	at java.awt.EventDispatchThread.pumpEventsForFilter(EventDispatchThread.java:124) [?:?]
	at java.awt.EventDispatchThread.pumpEventsForHierarchy(EventDispatchThread.java:113) [?:?]
	at java.awt.EventDispatchThread.pumpEvents(EventDispatchThread.java:109) [?:?]
	at java.awt.EventDispatchThread.pumpEvents(EventDispatchThread.java:101) [?:?]
	at java.awt.EventDispatchThread.run(EventDispatchThread.java:90) [?:?]
2021-12-15 08:36:42,184 ERROR o.a.j.JMeter: Uncaught exception in thread Thread[AWT-EventQueue-0,6,main]
java.lang.IllegalAccessError: class com.github.weisj.darklaf.ui.table.TableUIBridge$Handler (in unnamed module @0x53ca01a2) cannot access class sun.swing.SwingUtilities2 (in module java.desktop) because module java.desktop does not export sun.swing to unnamed module @0x53ca01a2
	at com.github.weisj.darklaf.ui.table.TableUIBridge$Handler.mousePressed(TableUIBridge.java:576) ~[darklaf-core-2.5.4.jar:2.5.4]
	at java.awt.AWTEventMulticaster.mousePressed(AWTEventMulticaster.java:288) ~[?:?]
	at java.awt.Component.processMouseEvent(Component.java:6623) ~[?:?]
	at javax.swing.JComponent.processMouseEvent(JComponent.java:3389) ~[?:?]
	at java.awt.Component.processEvent(Component.java:6391) ~[?:?]
	at java.awt.Container.processEvent(Container.java:2266) ~[?:?]
	at java.awt.Component.dispatchEventImpl(Component.java:5001) ~[?:?]
	at java.awt.Container.dispatchEventImpl(Container.java:2324) ~[?:?]
	at java.awt.Component.dispatchEvent(Component.java:4833) ~[?:?]
	at java.awt.LightweightDispatcher.retargetMouseEvent(Container.java:4948) ~[?:?]
	at java.awt.LightweightDispatcher.processMouseEvent(Container.java:4572) ~[?:?]
	at java.awt.LightweightDispatcher.dispatchEvent(Container.java:4516) ~[?:?]
	at java.awt.Container.dispatchEventImpl(Container.java:2310) ~[?:?]
	at java.awt.Window.dispatchEventImpl(Window.java:2780) ~[?:?]
	at java.awt.Component.dispatchEvent(Component.java:4833) ~[?:?]
	at java.awt.EventQueue.dispatchEventImpl(EventQueue.java:773) ~[?:?]
	at java.awt.EventQueue$4.run(EventQueue.java:722) ~[?:?]
	at java.awt.EventQueue$4.run(EventQueue.java:716) ~[?:?]
	at java.security.AccessController.doPrivileged(AccessController.java:399) ~[?:?]
	at java.security.ProtectionDomain$JavaSecurityAccessImpl.doIntersectionPrivilege(ProtectionDomain.java:86) ~[?:?]
	at java.security.ProtectionDomain$JavaSecurityAccessImpl.doIntersectionPrivilege(ProtectionDomain.java:97) ~[?:?]
	at java.awt.EventQueue$5.run(EventQueue.java:746) ~[?:?]
	at java.awt.EventQueue$5.run(EventQueue.java:744) ~[?:?]
	at java.security.AccessController.doPrivileged(AccessController.java:399) ~[?:?]
	at java.security.ProtectionDomain$JavaSecurityAccessImpl.doIntersectionPrivilege(ProtectionDomain.java:86) ~[?:?]
	at java.awt.EventQueue.dispatchEvent(EventQueue.java:743) ~[?:?]
	at java.awt.EventDispatchThread.pumpOneEventForFilters(EventDispatchThread.java:203) [?:?]
	at java.awt.EventDispatchThread.pumpEventsForFilter(EventDispatchThread.java:124) [?:?]
	at java.awt.EventDispatchThread.pumpEventsForHierarchy(EventDispatchThread.java:113) [?:?]
	at java.awt.EventDispatchThread.pumpEvents(EventDispatchThread.java:109) [?:?]
	at java.awt.EventDispatchThread.pumpEvents(EventDispatchThread.java:101) [?:?]
	at java.awt.EventDispatchThread.run(EventDispatchThread.java:90) [?:?]
2021-12-15 08:36:42,185 ERROR o.a.j.JMeter: Uncaught exception in thread Thread[AWT-EventQueue-0,6,main]
java.lang.IllegalAccessError: class com.github.weisj.darklaf.ui.table.TableUIBridge$Handler (in unnamed module @0x53ca01a2) cannot access class sun.swing.SwingUtilities2 (in module java.desktop) because module java.desktop does not export sun.swing to unnamed module @0x53ca01a2
	at com.github.weisj.darklaf.ui.table.TableUIBridge$Handler.mouseReleased(TableUIBridge.java:610) ~[darklaf-core-2.5.4.jar:2.5.4]
	at java.awt.AWTEventMulticaster.mouseReleased(AWTEventMulticaster.java:298) ~[?:?]
	at java.awt.Component.processMouseEvent(Component.java:6626) ~[?:?]
	at javax.swing.JComponent.processMouseEvent(JComponent.java:3389) ~[?:?]
	at java.awt.Component.processEvent(Component.java:6391) ~[?:?]
	at java.awt.Container.processEvent(Container.java:2266) ~[?:?]
	at java.awt.Component.dispatchEventImpl(Component.java:5001) ~[?:?]
	at java.awt.Container.dispatchEventImpl(Container.java:2324) ~[?:?]
	at java.awt.Component.dispatchEvent(Component.java:4833) ~[?:?]
	at java.awt.LightweightDispatcher.retargetMouseEvent(Container.java:4948) ~[?:?]
	at java.awt.LightweightDispatcher.processMouseEvent(Container.java:4575) ~[?:?]
	at java.awt.LightweightDispatcher.dispatchEvent(Container.java:4516) ~[?:?]
	at java.awt.Container.dispatchEventImpl(Container.java:2310) ~[?:?]
	at java.awt.Window.dispatchEventImpl(Window.java:2780) ~[?:?]
	at java.awt.Component.dispatchEvent(Component.java:4833) ~[?:?]
	at java.awt.EventQueue.dispatchEventImpl(EventQueue.java:773) ~[?:?]
	at java.awt.EventQueue$4.run(EventQueue.java:722) ~[?:?]
	at java.awt.EventQueue$4.run(EventQueue.java:716) ~[?:?]
	at java.security.AccessController.doPrivileged(AccessController.java:399) ~[?:?]
	at java.security.ProtectionDomain$JavaSecurityAccessImpl.doIntersectionPrivilege(ProtectionDomain.java:86) ~[?:?]
	at java.security.ProtectionDomain$JavaSecurityAccessImpl.doIntersectionPrivilege(ProtectionDomain.java:97) ~[?:?]
	at java.awt.EventQueue$5.run(EventQueue.java:746) ~[?:?]
	at java.awt.EventQueue$5.run(EventQueue.java:744) ~[?:?]
	at java.security.AccessController.doPrivileged(AccessController.java:399) ~[?:?]
	at java.security.ProtectionDomain$JavaSecurityAccessImpl.doIntersectionPrivilege(ProtectionDomain.java:86) ~[?:?]
	at java.awt.EventQueue.dispatchEvent(EventQueue.java:743) ~[?:?]
	at java.awt.EventDispatchThread.pumpOneEventForFilters(EventDispatchThread.java:203) [?:?]
	at java.awt.EventDispatchThread.pumpEventsForFilter(EventDispatchThread.java:124) [?:?]
	at java.awt.EventDispatchThread.pumpEventsForHierarchy(EventDispatchThread.java:113) [?:?]
	at java.awt.EventDispatchThread.pumpEvents(EventDispatchThread.java:109) [?:?]
	at java.awt.EventDispatchThread.pumpEvents(EventDispatchThread.java:101) [?:?]
	at java.awt.EventDispatchThread.run(EventDispatchThread.java:90) [?:?]
2021-12-15 08:36:42,192 ERROR o.a.j.JMeter: Uncaught exception in thread Thread[AWT-EventQueue-0,6,main]
java.lang.IllegalAccessError: class com.github.weisj.darklaf.ui.label.DarkLabelUI (in unnamed module @0x53ca01a2) cannot access class sun.swing.SwingUtilities2 (in module java.desktop) because module java.desktop does not export sun.swing to unnamed module @0x53ca01a2
	at com.github.weisj.darklaf.ui.label.DarkLabelUI.paint(DarkLabelUI.java:83) ~[darklaf-core-2.5.4.jar:2.5.4]
	at javax.swing.plaf.ComponentUI.update(ComponentUI.java:161) ~[?:?]
	at javax.swing.JComponent.paintComponent(JComponent.java:842) ~[?:?]
	at sun.swing.table.DefaultTableCellHeaderRenderer.paintComponent(DefaultTableCellHeaderRenderer.java:159) ~[?:?]
	at javax.swing.JComponent.paint(JComponent.java:1119) ~[?:?]
	at javax.swing.CellRendererPane.paintComponent(CellRendererPane.java:170) ~[?:?]
	at com.github.weisj.darklaf.ui.table.header.DarkTableHeaderUI.paintCell(DarkTableHeaderUI.java:275) ~[darklaf-core-2.5.4.jar:2.5.4]
	at com.github.weisj.darklaf.ui.table.header.DarkTableHeaderUI.paintSingleCell(DarkTableHeaderUI.java:186) ~[darklaf-core-2.5.4.jar:2.5.4]
	at com.github.weisj.darklaf.ui.table.header.DarkTableHeaderUI.paintCells(DarkTableHeaderUI.java:168) ~[darklaf-core-2.5.4.jar:2.5.4]
	at com.github.weisj.darklaf.ui.table.header.DarkTableHeaderUI.paint(DarkTableHeaderUI.java:138) ~[darklaf-core-2.5.4.jar:2.5.4]
	at javax.swing.plaf.ComponentUI.update(ComponentUI.java:161) ~[?:?]
	at javax.swing.JComponent.paintComponent(JComponent.java:842) ~[?:?]
	at javax.swing.JComponent.paint(JComponent.java:1119) ~[?:?]
	at javax.swing.JComponent.paintChildren(JComponent.java:952) ~[?:?]
	at javax.swing.JComponent.paint(JComponent.java:1128) ~[?:?]
	at javax.swing.JViewport.paint(JViewport.java:736) ~[?:?]
	at javax.swing.JComponent.paintChildren(JComponent.java:952) ~[?:?]
	at javax.swing.JComponent.paint(JComponent.java:1128) ~[?:?]
	at javax.swing.JComponent.paintChildren(JComponent.java:952) ~[?:?]
	at javax.swing.JComponent.paint(JComponent.java:1128) ~[?:?]
	at javax.swing.JComponent.paintChildren(JComponent.java:952) ~[?:?]
	at javax.swing.JComponent.paint(JComponent.java:1128) ~[?:?]
	at javax.swing.JComponent.paintChildren(JComponent.java:952) ~[?:?]
	at javax.swing.JComponent.paint(JComponent.java:1128) ~[?:?]
	at javax.swing.JComponent.paintChildren(JComponent.java:952) ~[?:?]
	at javax.swing.JComponent.paint(JComponent.java:1128) ~[?:?]
	at javax.swing.JComponent.paintChildren(JComponent.java:952) ~[?:?]
	at javax.swing.JComponent.paint(JComponent.java:1128) ~[?:?]
	at javax.swing.JViewport.paint(JViewport.java:736) ~[?:?]
	at javax.swing.JComponent.paintChildren(JComponent.java:952) ~[?:?]
	at javax.swing.JComponent.paint(JComponent.java:1128) ~[?:?]
	at javax.swing.JComponent.paintChildren(JComponent.java:952) ~[?:?]
	at javax.swing.JSplitPane.paintChildren(JSplitPane.java:1030) ~[?:?]
	at javax.swing.JComponent.paint(JComponent.java:1128) ~[?:?]
	at javax.swing.JComponent.paintChildren(JComponent.java:952) ~[?:?]
	at javax.swing.JSplitPane.paintChildren(JSplitPane.java:1030) ~[?:?]
	at javax.swing.JComponent.paint(JComponent.java:1128) ~[?:?]
	at javax.swing.JComponent.paintChildren(JComponent.java:952) ~[?:?]
	at javax.swing.JComponent.paint(JComponent.java:1128) ~[?:?]
	at javax.swing.JComponent.paintChildren(JComponent.java:952) ~[?:?]
	at javax.swing.JComponent.paint(JComponent.java:1128) ~[?:?]
	at javax.swing.JComponent.paintChildren(JComponent.java:952) ~[?:?]
	at javax.swing.JComponent.paint(JComponent.java:1128) ~[?:?]
	at javax.swing.JLayeredPane.paint(JLayeredPane.java:586) ~[?:?]
	at javax.swing.JComponent.paintChildren(JComponent.java:952) ~[?:?]
	at javax.swing.JComponent.paintToOffscreen(JComponent.java:5318) ~[?:?]
	at javax.swing.RepaintManager$PaintManager.paintDoubleBufferedImpl(RepaintManager.java:1657) ~[?:?]
	at javax.swing.RepaintManager$PaintManager.paintDoubleBuffered(RepaintManager.java:1632) ~[?:?]
	at javax.swing.RepaintManager$PaintManager.paint(RepaintManager.java:1570) ~[?:?]
	at javax.swing.RepaintManager.paint(RepaintManager.java:1337) ~[?:?]
	at javax.swing.JComponent.paint(JComponent.java:1105) ~[?:?]
	at java.awt.GraphicsCallback$PaintCallback.run(GraphicsCallback.java:39) ~[?:?]
	at sun.awt.SunGraphicsCallback.runOneComponent(SunGraphicsCallback.java:75) ~[?:?]
	at sun.awt.SunGraphicsCallback.runComponents(SunGraphicsCallback.java:112) ~[?:?]
	at java.awt.Container.paint(Container.java:2005) ~[?:?]
	at java.awt.Window.paint(Window.java:3959) ~[?:?]
	at javax.swing.RepaintManager$4.run(RepaintManager.java:890) ~[?:?]
	at javax.swing.RepaintManager$4.run(RepaintManager.java:862) ~[?:?]
	at java.security.AccessController.doPrivileged(AccessController.java:399) ~[?:?]
	at java.security.ProtectionDomain$JavaSecurityAccessImpl.doIntersectionPrivilege(ProtectionDomain.java:86) ~[?:?]
	at javax.swing.RepaintManager.paintDirtyRegions(RepaintManager.java:862) ~[?:?]
	at javax.swing.RepaintManager.paintDirtyRegions(RepaintManager.java:835) ~[?:?]
	at javax.swing.RepaintManager.prePaintDirtyRegions(RepaintManager.java:784) ~[?:?]
	at javax.swing.RepaintManager$ProcessingRunnable.run(RepaintManager.java:1898) ~[?:?]
	at java.awt.event.InvocationEvent.dispatch(InvocationEvent.java:318) ~[?:?]
	at java.awt.EventQueue.dispatchEventImpl(EventQueue.java:771) ~[?:?]
	at java.awt.EventQueue$4.run(EventQueue.java:722) ~[?:?]
	at java.awt.EventQueue$4.run(EventQueue.java:716) ~[?:?]
	at java.security.AccessController.doPrivileged(AccessController.java:399) ~[?:?]
	at java.security.ProtectionDomain$JavaSecurityAccessImpl.doIntersectionPrivilege(ProtectionDomain.java:86) ~[?:?]
	at java.awt.EventQueue.dispatchEvent(EventQueue.java:741) ~[?:?]
	at java.awt.EventDispatchThread.pumpOneEventForFilters(EventDispatchThread.java:203) [?:?]
	at java.awt.EventDispatchThread.pumpEventsForFilter(EventDispatchThread.java:124) [?:?]
	at java.awt.EventDispatchThread.pumpEventsForHierarchy(EventDispatchThread.java:113) [?:?]
	at java.awt.EventDispatchThread.pumpEvents(EventDispatchThread.java:109) [?:?]
	at java.awt.EventDispatchThread.pumpEvents(EventDispatchThread.java:101) [?:?]
	at java.awt.EventDispatchThread.run(EventDispatchThread.java:90) [?:?]
